<?xml version="1.0" encoding="UTF-8"?>
<coverage generated="1613061555440" clover="3.2.0">
  <project timestamp="1613061555440" name="All files">
    <metrics statements="14" coveredstatements="14" conditionals="0" coveredconditionals="0" methods="11" coveredmethods="11" elements="25" coveredelements="25" complexity="0" loc="14" ncloc="14" packages="1" files="1" classes="1"/>
    <file name="index.js" path="C:\Users\Miguel\Desktop\Luis\Curso programacion\Practica testing 1\practica-testing1\index.js">
      <metrics statements="14" coveredstatements="14" conditionals="0" coveredconditionals="0" methods="11" coveredmethods="11"/>
      <line num="3" count="1" type="stmt"/>
      <line num="4" count="1" type="stmt"/>
      <line num="9" count="1" type="stmt"/>
      <line num="18" count="2" type="stmt"/>
      <line num="19" count="3" type="stmt"/>
      <line num="20" count="2" type="stmt"/>
      <line num="21" count="1" type="stmt"/>
      <line num="25" count="1" type="stmt"/>
      <line num="26" count="1" type="stmt"/>
      <line num="27" count="1" type="stmt"/>
      <line num="28" count="1" type="stmt"/>
      <line num="32" count="3" type="stmt"/>
      <line num="33" count="1" type="stmt"/>
      <line num="37" count="1" type="stmt"/>
    </file>
  </project>
</coverage>
