{"C:\\Users\\Miguel\\Desktop\\Luis\\Curso programacion\\Practica testing 1\\practica-testing1\\index.js": {"path":"C:\\Users\\Miguel\\Desktop\\Luis\\Curso programacion\\Practica testing 1\\practica-testing1\\index.js","statementMap":{"0":{"start":{"line":3,"column":19},"end":{"line":3,"column":103}},"1":{"start":{"line":4,"column":13},"end":{"line":4,"column":81}},"2":{"start":{"line":9,"column":15},"end":{"line":14,"column":1}},"3":{"start":{"line":18,"column":21},"end":{"line":18,"column":36}},"4":{"start":{"line":18,"column":31},"end":{"line":18,"column":36}},"5":{"start":{"line":19,"column":22},"end":{"line":19,"column":37}},"6":{"start":{"line":19,"column":32},"end":{"line":19,"column":37}},"7":{"start":{"line":20,"column":27},"end":{"line":20,"column":42}},"8":{"start":{"line":20,"column":37},"end":{"line":20,"column":42}},"9":{"start":{"line":21,"column":23},"end":{"line":21,"column":38}},"10":{"start":{"line":21,"column":33},"end":{"line":21,"column":38}},"11":{"start":{"line":25,"column":22},"end":{"line":25,"column":32}},"12":{"start":{"line":25,"column":28},"end":{"line":25,"column":32}},"13":{"start":{"line":26,"column":23},"end":{"line":26,"column":34}},"14":{"start":{"line":26,"column":29},"end":{"line":26,"column":34}},"15":{"start":{"line":27,"column":22},"end":{"line":27,"column":32}},"16":{"start":{"line":27,"column":28},"end":{"line":27,"column":32}},"17":{"start":{"line":28,"column":27},"end":{"line":28,"column":42}},"18":{"start":{"line":28,"column":33},"end":{"line":28,"column":42}},"19":{"start":{"line":32,"column":29},"end":{"line":32,"column":45}},"20":{"start":{"line":32,"column":35},"end":{"line":32,"column":45}},"21":{"start":{"line":33,"column":23},"end":{"line":33,"column":33}},"22":{"start":{"line":33,"column":29},"end":{"line":33,"column":33}},"23":{"start":{"line":37,"column":25},"end":{"line":37,"column":37}},"24":{"start":{"line":37,"column":31},"end":{"line":37,"column":37}}},"fnMap":{"0":{"name":"(anonymous_0)","decl":{"start":{"line":18,"column":21},"end":{"line":18,"column":22}},"loc":{"start":{"line":18,"column":31},"end":{"line":18,"column":36}},"line":18},"1":{"name":"(anonymous_1)","decl":{"start":{"line":19,"column":22},"end":{"line":19,"column":23}},"loc":{"start":{"line":19,"column":32},"end":{"line":19,"column":37}},"line":19},"2":{"name":"(anonymous_2)","decl":{"start":{"line":20,"column":27},"end":{"line":20,"column":28}},"loc":{"start":{"line":20,"column":37},"end":{"line":20,"column":42}},"line":20},"3":{"name":"(anonymous_3)","decl":{"start":{"line":21,"column":23},"end":{"line":21,"column":24}},"loc":{"start":{"line":21,"column":33},"end":{"line":21,"column":38}},"line":21},"4":{"name":"(anonymous_4)","decl":{"start":{"line":25,"column":22},"end":{"line":25,"column":23}},"loc":{"start":{"line":25,"column":28},"end":{"line":25,"column":32}},"line":25},"5":{"name":"(anonymous_5)","decl":{"start":{"line":26,"column":23},"end":{"line":26,"column":24}},"loc":{"start":{"line":26,"column":29},"end":{"line":26,"column":34}},"line":26},"6":{"name":"(anonymous_6)","decl":{"start":{"line":27,"column":22},"end":{"line":27,"column":23}},"loc":{"start":{"line":27,"column":28},"end":{"line":27,"column":32}},"line":27},"7":{"name":"(anonymous_7)","decl":{"start":{"line":28,"column":27},"end":{"line":28,"column":28}},"loc":{"start":{"line":28,"column":33},"end":{"line":28,"column":42}},"line":28},"8":{"name":"(anonymous_8)","decl":{"start":{"line":32,"column":29},"end":{"line":32,"column":30}},"loc":{"start":{"line":32,"column":35},"end":{"line":32,"column":45}},"line":32},"9":{"name":"(anonymous_9)","decl":{"start":{"line":33,"column":23},"end":{"line":33,"column":24}},"loc":{"start":{"line":33,"column":29},"end":{"line":33,"column":33}},"line":33},"10":{"name":"(anonymous_10)","decl":{"start":{"line":37,"column":25},"end":{"line":37,"column":26}},"loc":{"start":{"line":37,"column":31},"end":{"line":37,"column":37}},"line":37}},"branchMap":{},"s":{"0":1,"1":1,"2":1,"3":1,"4":2,"5":1,"6":3,"7":1,"8":2,"9":1,"10":1,"11":1,"12":1,"13":1,"14":1,"15":1,"16":1,"17":1,"18":1,"19":1,"20":3,"21":1,"22":1,"23":1,"24":1},"f":{"0":2,"1":3,"2":2,"3":1,"4":1,"5":1,"6":1,"7":1,"8":3,"9":1,"10":1},"b":{},"_coverageSchema":"1a1c01bbd47fc00a2c39e90264f33305004495a9","hash":"6e9cfa1e379ee87a6a78e12f006256bab23e51b2"}
}
