TN:
SF:index.js
FN:18,(anonymous_0)
FN:19,(anonymous_1)
FN:20,(anonymous_2)
FN:21,(anonymous_3)
FN:25,(anonymous_4)
FN:26,(anonymous_5)
FN:27,(anonymous_6)
FN:28,(anonymous_7)
FN:32,(anonymous_8)
FN:33,(anonymous_9)
FN:37,(anonymous_10)
FNF:11
FNH:11
FNDA:2,(anonymous_0)
FNDA:3,(anonymous_1)
FNDA:2,(anonymous_2)
FNDA:1,(anonymous_3)
FNDA:1,(anonymous_4)
FNDA:1,(anonymous_5)
FNDA:1,(anonymous_6)
FNDA:1,(anonymous_7)
FNDA:3,(anonymous_8)
FNDA:1,(anonymous_9)
FNDA:1,(anonymous_10)
DA:3,1
DA:4,1
DA:9,1
DA:18,2
DA:19,3
DA:20,2
DA:21,1
DA:25,1
DA:26,1
DA:27,1
DA:28,1
DA:32,3
DA:33,1
DA:37,1
LF:14
LH:14
BRF:0
BRH:0
end_of_record
